\BOOKMARK [1][-]{section.1}{\376\377\000V\000o\000r\000w\000o\000r\000t}{}% 1
\BOOKMARK [2][-]{subsection.1.1}{\376\377\000V\000e\000r\000w\000e\000n\000d\000u\000n\000g\000s\000h\000i\000n\000w\000e\000i\000s\000e}{section.1}% 2
\BOOKMARK [2][-]{subsection.1.2}{\376\377\000D\000a\000n\000k\000s\000a\000g\000u\000n\000g}{section.1}% 3
\BOOKMARK [2][-]{subsection.1.3}{\376\377\000E\000i\000n\000\040\000p\000a\000a\000r\000\040\000W\000o\000r\000t\000e\000\040\000z\000u\000\040\000m\000i\000r}{section.1}% 4
\BOOKMARK [1][-]{section.2}{\376\377\000W\000a\000s\000\040\000m\000a\000c\000h\000t\000\040\000e\000i\000n\000e\000n\000\040\000"\0002\0002\000F\000r\000e\000i\000e\000n\000\040\000C\000h\000r\000i\000s\000t\000e\000n\000"\0002\0002\000\040\000\040\000a\000u\000s\000?}{}% 5
\BOOKMARK [2][-]{subsection.2.1}{\376\377\000K\000e\000i\000n\000e\000\040\000K\000i\000r\000c\000h\000e\000n\000g\000e\000m\000e\000i\000n\000d\000e}{section.2}% 6
\BOOKMARK [2][-]{subsection.2.2}{\376\377\000D\000e\000r\000\040\000w\000a\000h\000r\000e\000\040\000B\000u\000n\000d}{section.2}% 7
\BOOKMARK [2][-]{subsection.2.3}{\376\377\000D\000i\000e\000\040\000B\000i\000b\000e\000l\000\040\000a\000l\000s\000\040\000"\0002\0002\000W\000e\000r\000k\000z\000e\000u\000g\000"\0002\0002\000\040}{section.2}% 8
\BOOKMARK [2][-]{subsection.2.4}{\376\377\000G\000l\000a\000u\000b\000e\000\040\000u\000n\000d\000\040\000W\000i\000s\000s\000e\000n\000s\000c\000h\000a\000f\000t}{section.2}% 9
\BOOKMARK [2][-]{subsection.2.5}{\376\377\000W\000a\000s\000\040\000w\000e\000i\000\337\000\040\000i\000c\000h\000\040\000\374\000b\000e\000r\000\040\000G\000O\000T\000T\000?}{section.2}% 10
\BOOKMARK [1][-]{section.3}{\376\377\000G\000l\000a\000u\000b\000s\000t\000\040\000d\000u\000\040\000\050\000n\000i\000c\000h\000t\000\051\000\040\000a\000n\000\040\000G\000O\000T\000T\000?}{}% 11
\BOOKMARK [2][-]{subsection.3.1}{\376\377\000"\0002\0002\000I\000c\000h\000\040\000b\000i\000n\000\040\000J\000u\000d\000e\000\040\000u\000n\000d\000\040\000g\000l\000a\000u\000b\000e\000\040\000n\000i\000c\000h\000t\000\040\000a\000n\000\040\000J\000E\000S\000U\000S\000\040\000a\000l\000s\000\040\000E\000R\000L\000\326\000S\000E\000R\000.\000"\0002\0002\000\040}{section.3}% 12
\BOOKMARK [2][-]{subsection.3.2}{\376\377\000"\0002\0002\000I\000c\000h\000\040\000b\000i\000n\000\040\000M\000u\000s\000l\000i\000m\000\040\000u\000n\000d\000\040\000g\000l\000a\000u\000b\000e\000\040\000a\000n\000\040\000A\000l\000l\000a\000h\000.\000"\0002\0002\000\040}{section.3}% 13
\BOOKMARK [2][-]{subsection.3.3}{\376\377\000"\0002\0002\000I\000c\000h\000\040\000g\000e\000h\000\366\000r\000e\000\040\000e\000i\000n\000e\000r\000\040\000a\000n\000d\000e\000r\000e\000n\000\040\000R\000e\000l\000i\000g\000i\000o\000n\000\040\000a\000n\000.\000"\0002\0002\000\040}{section.3}% 14
\BOOKMARK [2][-]{subsection.3.4}{\376\377\000"\0002\0002\000I\000c\000h\000\040\000g\000l\000a\000u\000b\000e\000\040\000a\000n\000\040\000k\000e\000i\000n\000e\000n\000\040\000G\000o\000t\000t\000,\000\040\000o\000d\000e\000r\000\040\000b\000i\000n\000\040\000A\000g\000n\000o\000s\000t\000i\000k\000e\000r\000.\000"\0002\0002\000\040}{section.3}% 15
\BOOKMARK [1][-]{section.4}{\376\377\000W\000e\000r\000\040\000u\000n\000d\000\040\000w\000i\000e\000\040\000i\000s\000t\000\040\000G\000O\000T\000T\000?}{}% 16
\BOOKMARK [2][-]{subsection.4.1}{\376\377\000G\000O\000T\000T\000\040\000i\000s\000t\000\040\000.\000.\000.}{section.4}% 17
\BOOKMARK [1][-]{section.5}{\376\377\000D\000i\000e\000\040\000Z\000e\000h\000n\000\040\000G\000e\000b\000o\000t\000e}{}% 18
\BOOKMARK [2][-]{subsection.5.1}{\376\377\000D\000a\000s\000\040\000O\000b\000e\000r\000s\000t\000e\000\040\000A\000n\000g\000e\000b\000o\000t}{section.5}% 19
\BOOKMARK [3][-]{subsubsection.5.1.1}{\376\377\000D\000a\000s\000\040\000E\000r\000s\000t\000e\000\040\000A\000n\000g\000e\000b\000o\000t}{subsection.5.1}% 20
\BOOKMARK [3][-]{subsubsection.5.1.2}{\376\377\000D\000a\000s\000\040\000Z\000w\000e\000i\000t\000e\000\040\000A\000n\000g\000e\000b\000o\000t}{subsection.5.1}% 21
\BOOKMARK [3][-]{subsubsection.5.1.3}{\376\377\000D\000a\000s\000\040\000D\000r\000i\000t\000t\000e\000\040\000A\000n\000g\000e\000b\000o\000t}{subsection.5.1}% 22
\BOOKMARK [3][-]{subsubsection.5.1.4}{\376\377\000D\000a\000s\000\040\000V\000i\000e\000r\000t\000e\000\040\000A\000n\000g\000e\000b\000o\000t}{subsection.5.1}% 23
\BOOKMARK [3][-]{subsubsection.5.1.5}{\376\377\000D\000a\000s\000\040\000F\000\374\000n\000f\000t\000e\000\040\000A\000n\000g\000e\000b\000o\000t}{subsection.5.1}% 24
\BOOKMARK [3][-]{subsubsection.5.1.6}{\376\377\000D\000a\000s\000\040\000S\000e\000c\000h\000s\000t\000e\000\040\000A\000n\000g\000e\000b\000o\000t}{subsection.5.1}% 25
\BOOKMARK [3][-]{subsubsection.5.1.7}{\376\377\000D\000a\000s\000\040\000S\000i\000e\000b\000t\000e\000\040\000A\000n\000g\000e\000b\000o\000t}{subsection.5.1}% 26
\BOOKMARK [3][-]{subsubsection.5.1.8}{\376\377\000D\000a\000s\000\040\000A\000c\000h\000t\000e\000\040\000A\000n\000g\000e\000b\000o\000t}{subsection.5.1}% 27
\BOOKMARK [3][-]{subsubsection.5.1.9}{\376\377\000D\000a\000s\000\040\000N\000e\000u\000n\000t\000e\000\040\000A\000n\000g\000e\000b\000o\000t}{subsection.5.1}% 28
\BOOKMARK [3][-]{subsubsection.5.1.10}{\376\377\000D\000a\000s\000\040\000Z\000e\000h\000n\000t\000e\000\040\000A\000n\000g\000e\000b\000o\000t}{subsection.5.1}% 29
\BOOKMARK [2][-]{subsection.5.2}{\376\377\000G\000e\000g\000e\000n\000\374\000b\000e\000r\000s\000t\000e\000l\000l\000u\000n\000g}{section.5}% 30
\BOOKMARK [2][-]{subsection.5.3}{\376\377\000Z\000u\000s\000a\000m\000m\000e\000n\000f\000a\000s\000s\000u\000n\000g}{section.5}% 31
\BOOKMARK [1][-]{section.6}{\376\377\000T\000u\000g\000e\000n\000d\000e\000n\000\040\000u\000n\000d\000\040\000\050\000T\000o\000d\000-\000\051\000S\000\374\000n\000d\000e\000n}{}% 32
\BOOKMARK [2][-]{subsection.6.1}{\376\377\000D\000i\000e\000\040\000S\000i\000e\000b\000e\000n\000\040\000T\000u\000g\000e\000n\000d\000e\000n}{section.6}% 33
\BOOKMARK [3][-]{subsubsection.6.1.1}{\376\377\000D\000i\000e\000\040\000E\000r\000s\000t\000e\000\040\000T\000u\000g\000e\000n\000d}{subsection.6.1}% 34
\BOOKMARK [3][-]{subsubsection.6.1.2}{\376\377\000D\000i\000e\000\040\000Z\000w\000e\000i\000t\000e\000\040\000T\000u\000g\000e\000n\000d}{subsection.6.1}% 35
\BOOKMARK [3][-]{subsubsection.6.1.3}{\376\377\000D\000i\000e\000\040\000D\000r\000i\000t\000t\000e\000\040\000T\000u\000g\000e\000n\000d}{subsection.6.1}% 36
\BOOKMARK [3][-]{subsubsection.6.1.4}{\376\377\000D\000i\000e\000\040\000V\000i\000e\000r\000t\000e\000\040\000T\000u\000g\000e\000n\000d}{subsection.6.1}% 37
\BOOKMARK [3][-]{subsubsection.6.1.5}{\376\377\000D\000i\000e\000\040\000F\000\374\000n\000f\000t\000e\000\040\000T\000u\000g\000e\000n\000d}{subsection.6.1}% 38
\BOOKMARK [3][-]{subsubsection.6.1.6}{\376\377\000D\000i\000e\000\040\000S\000e\000c\000h\000s\000t\000e\000\040\000T\000u\000g\000e\000n\000d}{subsection.6.1}% 39
\BOOKMARK [3][-]{subsubsection.6.1.7}{\376\377\000D\000i\000e\000\040\000S\000i\000e\000b\000t\000e\000\040\000T\000u\000g\000e\000n\000d}{subsection.6.1}% 40
\BOOKMARK [2][-]{subsection.6.2}{\376\377\000D\000i\000e\000\040\000S\000i\000e\000b\000e\000n\000\040\000T\000o\000d\000s\000\374\000n\000d\000e\000n}{section.6}% 41
\BOOKMARK [3][-]{subsubsection.6.2.1}{\376\377\000D\000i\000e\000\040\000E\000r\000s\000t\000e\000\040\000T\000o\000d\000s\000\374\000n\000d\000e}{subsection.6.2}% 42
\BOOKMARK [3][-]{subsubsection.6.2.2}{\376\377\000D\000i\000e\000\040\000Z\000w\000e\000i\000t\000e\000\040\000T\000o\000d\000s\000\374\000n\000d\000e}{subsection.6.2}% 43
\BOOKMARK [3][-]{subsubsection.6.2.3}{\376\377\000D\000i\000e\000\040\000D\000r\000i\000t\000t\000e\000\040\000T\000o\000d\000s\000\374\000n\000d\000e}{subsection.6.2}% 44
\BOOKMARK [3][-]{subsubsection.6.2.4}{\376\377\000D\000i\000e\000\040\000V\000i\000e\000r\000t\000e\000\040\000T\000o\000d\000s\000\374\000n\000d\000e}{subsection.6.2}% 45
\BOOKMARK [3][-]{subsubsection.6.2.5}{\376\377\000D\000i\000e\000\040\000F\000\374\000n\000f\000t\000e\000\040\000T\000o\000d\000s\000\374\000n\000d\000e}{subsection.6.2}% 46
\BOOKMARK [3][-]{subsubsection.6.2.6}{\376\377\000D\000i\000e\000\040\000S\000e\000c\000h\000s\000t\000e\000\040\000T\000o\000d\000s\000\374\000n\000d\000e}{subsection.6.2}% 47
\BOOKMARK [3][-]{subsubsection.6.2.7}{\376\377\000D\000i\000e\000\040\000S\000i\000e\000b\000t\000e\000\040\000T\000o\000d\000s\000\374\000n\000d\000e}{subsection.6.2}% 48
\BOOKMARK [2][-]{subsection.6.3}{\376\377\000G\000e\000g\000e\000n\000\374\000b\000e\000r\000s\000t\000e\000l\000l\000u\000n\000g}{section.6}% 49
\BOOKMARK [1][-]{section.7}{\376\377\000K\000o\000m\000m\000e\000\040\000i\000c\000h\000\040\000i\000n\000\040\000d\000e\000n\000\040\000H\000I\000M\000M\000E\000L\000?}{}% 50
\BOOKMARK [2][-]{subsection.7.1}{\376\377\000G\000a\000n\000z\000\040\000a\000l\000l\000g\000e\000m\000e\000i\000n\000\040\000g\000e\000s\000a\000g\000t}{section.7}% 51
\BOOKMARK [2][-]{subsection.7.2}{\376\377\000W\000i\000r\000\040\000s\000i\000n\000d\000\040\000a\000l\000l\000e\000\040\000S\000\374\000n\000d\000e\000r}{section.7}% 52
\BOOKMARK [2][-]{subsection.7.3}{\376\377\000W\000a\000s\000\040\000k\000a\000n\000n\000\040\000i\000c\000h\000\040\000t\000u\000n\000?}{section.7}% 53
\BOOKMARK [2][-]{subsection.7.4}{\376\377\000Z\000u\000s\000a\000m\000m\000e\000n\000f\000a\000s\000s\000u\000n\000g}{section.7}% 54
\BOOKMARK [1][-]{section.8}{\376\377\000V\000e\000r\000s\000c\000h\000i\000e\000d\000e\000n\000e\000\040\000S\000\374\000n\000d\000e\000n\000\040\000g\000e\000n\000a\000u\000e\000r\000\040\000b\000e\000t\000r\000a\000c\000h\000t\000e\000t}{}% 55
\BOOKMARK [2][-]{subsection.8.1}{\376\377\000V\000o\000m\000\040\000T\000\366\000t\000e\000n}{section.8}% 56
\BOOKMARK [3][-]{subsubsection.8.1.1}{\376\377\000T\000\366\000t\000e\000n\000\040\000v\000o\000n\000\040\000M\000i\000t\000m\000e\000n\000s\000c\000h\000e\000n\000\040\000-\000\040\000i\000m\000\040\000A\000l\000l\000g\000e\000m\000e\000i\000n\000e\000n}{subsection.8.1}% 57
\BOOKMARK [3][-]{subsubsection.8.1.2}{\376\377\000T\000\366\000t\000e\000n\000\040\000v\000o\000n\000\040\000M\000i\000t\000m\000e\000n\000s\000c\000h\000e\000n\000\040\000-\000\040\000i\000m\000\040\000S\000p\000e\000z\000i\000e\000l\000l\000e\000n}{subsection.8.1}% 58
\BOOKMARK [3][-]{subsubsection.8.1.3}{\376\377\000A\000n\000d\000e\000r\000e\000\040\000F\000o\000r\000m\000e\000n\000\040\000d\000e\000s\000\040\000T\000\366\000t\000e\000n\000s}{subsection.8.1}% 59
\BOOKMARK [1][-]{section.9}{\376\377\000G\000e\000b\000e\000t\000e\000\040\000u\000n\000d\000\040\000L\000o\000b\000l\000i\000e\000d\000e\000r}{}% 60
\BOOKMARK [2][-]{subsection.9.1}{\376\377\000D\000a\000s\000\040\000V\000A\000T\000E\000R\000-\000U\000n\000s\000e\000r}{section.9}% 61
\BOOKMARK [3][-]{subsubsection.9.1.1}{\376\377\000W\000e\000n\000n\000\040\000d\000u\000\040\000a\000l\000l\000e\000i\000n\000e\000\040\000b\000e\000t\000e\000s\000t}{subsection.9.1}% 62
\BOOKMARK [3][-]{subsubsection.9.1.2}{\376\377\000W\000e\000n\000n\000\040\000i\000h\000r\000\040\000i\000n\000\040\000d\000e\000r\000\040\000G\000r\000u\000p\000p\000e\000\040\000b\000e\000t\000e\000t}{subsection.9.1}% 63
\BOOKMARK [2][-]{subsection.9.2}{\376\377\000J\000E\000S\000U\000S\000,\000\040\000k\000o\000m\000m\000\040\000i\000n\000\040\000m\000e\000i\000n\000\040\000L\000e\000b\000e\000n}{section.9}% 64
\BOOKMARK [2][-]{subsection.9.3}{\376\377\000\334\000b\000e\000r\000g\000a\000b\000e\000g\000e\000b\000e\000t}{section.9}% 65
\BOOKMARK [2][-]{subsection.9.4}{\376\377\000D\000a\000s\000\040\000G\000l\000a\000u\000b\000e\000n\000s\000b\000e\000k\000e\000n\000n\000t\000n\000i\000s}{section.9}% 66
\BOOKMARK [2][-]{subsection.9.5}{\376\377\000W\000i\000e\000\040\000e\000i\000n\000\040\000F\000e\000s\000t\000\040\000n\000a\000c\000h\000\040\000l\000a\000n\000g\000e\000r\000\040\000T\000r\000a\000u\000e\000r}{section.9}% 67
\BOOKMARK [3][-]{subsubsection.9.5.1}{\376\377\000I\000n\000f\000o\000s}{subsection.9.5}% 68
\BOOKMARK [3][-]{subsubsection.9.5.2}{\376\377\000T\000e\000x\000t}{subsection.9.5}% 69
\BOOKMARK [1][-]{section.10}{\376\377\000M\000e\000i\000n\000\040\000L\000e\000b\000e\000n\000\040\000m\000i\000t\000\040\000G\000O\000T\000T}{}% 70
\BOOKMARK [2][-]{subsection.10.1}{\376\377\000M\000i\000t\000t\000w\000o\000c\000h\000,\000\040\000d\000e\000r\000\040\0002\0007\000.\000\040\000S\000e\000p\000t\000e\000m\000b\000e\000r\000\040\0002\0000\0002\0003}{section.10}% 71
\BOOKMARK [2][-]{subsection.10.2}{\376\377\000F\000r\000e\000i\000t\000a\000g\000,\000\040\000d\000e\000r\000\040\0002\0009\000.\000\040\000S\000e\000p\000t\000e\000m\000b\000e\000r\000\040\0002\0000\0002\0003}{section.10}% 72
\BOOKMARK [2][-]{subsection.10.3}{\376\377\000D\000i\000e\000n\000s\000t\000a\000g\000,\000\040\000d\000e\000r\000\040\0003\000.\000\040\000O\000k\000t\000o\000b\000e\000r\000\040\0002\0000\0002\0003}{section.10}% 73
\BOOKMARK [2][-]{subsection.10.4}{\376\377\000S\000a\000m\000s\000t\000a\000g\000,\000\040\000d\000e\000r\000\040\0007\000.\000\040\000O\000k\000t\000o\000b\000e\000r\000\040\0002\0000\0002\0003}{section.10}% 74
\BOOKMARK [2][-]{subsection.10.5}{\376\377\000S\000o\000n\000n\000t\000a\000g\000,\000\040\000d\000e\000r\000\040\0008\000.\000\040\000O\000k\000t\000o\000b\000e\000r\000\040\0002\0000\0002\0003}{section.10}% 75
\BOOKMARK [1][-]{section.11}{\376\377\000F\000r\000i\000e\000d\000e\000\040\000s\000e\000i\000\040\000m\000i\000t\000\040\000d\000i\000r\000!}{}% 76
