This is pdfTeX, Version 3.141592653-2.6-1.40.25 (TeX Live 2023) (preloaded format=pdflatex 2023.9.22)  7 JAN 2024 18:50
entering extended mode
 restricted \write18 enabled.
 %&-line parsing enabled.
**"The Free Christian.tex"
(./The Free Christian.tex
LaTeX2e <2023-06-01> patch level 1
L3 programming layer <2023-08-29>
(a:/texlive/2023/texmf-dist/tex/latex/base/article.cls
Document Class: article 2023/05/17 v1.4n Standard LaTeX document class
(a:/texlive/2023/texmf-dist/tex/latex/base/size12.clo
File: size12.clo 2023/05/17 v1.4n Standard LaTeX file (size option)
)
\c@part=\count185
\c@section=\count186
\c@subsection=\count187
\c@subsubsection=\count188
\c@paragraph=\count189
\c@subparagraph=\count190
\c@figure=\count191
\c@table=\count192
\abovecaptionskip=\skip48
\belowcaptionskip=\skip49
\bibindent=\dimen140
)
(a:/texlive/2023/texmf-dist/tex/generic/babel/babel.sty
Package: babel 2023/09/12 v3.94 The Babel package
\babel@savecnt=\count193
\U@D=\dimen141
\l@unhyphenated=\language89

(a:/texlive/2023/texmf-dist/tex/generic/babel/txtbabel.def)
\bbl@readstream=\read2
\bbl@dirlevel=\count194

(a:/texlive/2023/texmf-dist/tex/generic/babel-english/english.ldf
Language: english 2017/06/06 v3.3r English support from the babel system
Package babel Info: Hyphen rules for 'canadian' set to \l@english
(babel)             (\language0). Reported on input line 102.
Package babel Info: Hyphen rules for 'australian' set to \l@ukenglish
(babel)             (\language23). Reported on input line 105.
Package babel Info: Hyphen rules for 'newzealand' set to \l@ukenglish
(babel)             (\language23). Reported on input line 108.
))
(a:/texlive/2023/texmf-dist/tex/generic/babel/locale/en/babel-english.tex
Package babel Info: Importing font and identification data for english
(babel)             from babel-en.ini. Reported on input line 11.
)
(a:/texlive/2023/texmf-dist/tex/latex/enumitem/enumitem.sty
Package: enumitem 2019/06/20 v3.9 Customized lists
\enitkv@toks@=\toks17
\labelindent=\skip50
\enit@outerparindent=\dimen142
\enit@toks=\toks18
\enit@inbox=\box51
\enit@count@id=\count195
\enitdp@description=\count196
)
(a:/texlive/2023/texmf-dist/tex/latex/base/inputenc.sty
Package: inputenc 2021/02/14 v1.3d Input encoding file
\inpenc@prehook=\toks19
\inpenc@posthook=\toks20
)
(a:/texlive/2023/texmf-dist/tex/latex/base/fontenc.sty
Package: fontenc 2021/04/29 v2.0v Standard LaTeX package
)
(a:/texlive/2023/texmf-dist/tex/latex/geometry/geometry.sty
Package: geometry 2020/01/02 v5.9 Page Geometry

(a:/texlive/2023/texmf-dist/tex/latex/graphics/keyval.sty
Package: keyval 2022/05/29 v1.15 key=value parser (DPC)
\KV@toks@=\toks21
)
(a:/texlive/2023/texmf-dist/tex/generic/iftex/ifvtex.sty
Package: ifvtex 2019/10/25 v1.7 ifvtex legacy package. Use iftex instead.

(a:/texlive/2023/texmf-dist/tex/generic/iftex/iftex.sty
Package: iftex 2022/02/03 v1.0f TeX engine tests
))
\Gm@cnth=\count197
\Gm@cntv=\count198
\c@Gm@tempcnt=\count199
\Gm@bindingoffset=\dimen143
\Gm@wd@mp=\dimen144
\Gm@odd@mp=\dimen145
\Gm@even@mp=\dimen146
\Gm@layoutwidth=\dimen147
\Gm@layoutheight=\dimen148
\Gm@layouthoffset=\dimen149
\Gm@layoutvoffset=\dimen150
\Gm@dimlist=\toks22
)
(a:/texlive/2023/texmf-dist/tex/latex/graphics/graphicx.sty
Package: graphicx 2021/09/16 v1.2d Enhanced LaTeX Graphics (DPC,SPQR)

(a:/texlive/2023/texmf-dist/tex/latex/graphics/graphics.sty
Package: graphics 2022/03/10 v1.4e Standard LaTeX Graphics (DPC,SPQR)

(a:/texlive/2023/texmf-dist/tex/latex/graphics/trig.sty
Package: trig 2021/08/11 v1.11 sin cos tan (DPC)
)
(a:/texlive/2023/texmf-dist/tex/latex/graphics-cfg/graphics.cfg
File: graphics.cfg 2016/06/04 v1.11 sample graphics configuration
)
Package graphics Info: Driver file: pdftex.def on input line 107.

(a:/texlive/2023/texmf-dist/tex/latex/graphics-def/pdftex.def
File: pdftex.def 2022/09/22 v1.2b Graphics/color driver for pdftex
))
\Gin@req@height=\dimen151
\Gin@req@width=\dimen152
)
(a:/texlive/2023/texmf-dist/tex/latex/hyperref/hyperref.sty
Package: hyperref 2023-07-08 v7.01b Hypertext links for LaTeX

(a:/texlive/2023/texmf-dist/tex/generic/ltxcmds/ltxcmds.sty
Package: ltxcmds 2020-05-10 v1.25 LaTeX kernel commands for general use (HO)
)
(a:/texlive/2023/texmf-dist/tex/generic/pdftexcmds/pdftexcmds.sty
Package: pdftexcmds 2020-06-27 v0.33 Utility functions of pdfTeX for LuaTeX (HO
)

(a:/texlive/2023/texmf-dist/tex/generic/infwarerr/infwarerr.sty
Package: infwarerr 2019/12/03 v1.5 Providing info/warning/error messages (HO)
)
Package pdftexcmds Info: \pdf@primitive is available.
Package pdftexcmds Info: \pdf@ifprimitive is available.
Package pdftexcmds Info: \pdfdraftmode found.
)
(a:/texlive/2023/texmf-dist/tex/latex/kvsetkeys/kvsetkeys.sty
Package: kvsetkeys 2022-10-05 v1.19 Key value parser (HO)
)
(a:/texlive/2023/texmf-dist/tex/generic/kvdefinekeys/kvdefinekeys.sty
Package: kvdefinekeys 2019-12-19 v1.6 Define keys (HO)
)
(a:/texlive/2023/texmf-dist/tex/generic/pdfescape/pdfescape.sty
Package: pdfescape 2019/12/09 v1.15 Implements pdfTeX's escape features (HO)
)
(a:/texlive/2023/texmf-dist/tex/latex/hycolor/hycolor.sty
Package: hycolor 2020-01-27 v1.10 Color options for hyperref/bookmark (HO)
)
(a:/texlive/2023/texmf-dist/tex/latex/letltxmacro/letltxmacro.sty
Package: letltxmacro 2019/12/03 v1.6 Let assignment for LaTeX macros (HO)
)
(a:/texlive/2023/texmf-dist/tex/latex/auxhook/auxhook.sty
Package: auxhook 2019-12-17 v1.6 Hooks for auxiliary files (HO)
)
(a:/texlive/2023/texmf-dist/tex/latex/hyperref/nameref.sty
Package: nameref 2023-08-07 v2.53 Cross-referencing by name of section

(a:/texlive/2023/texmf-dist/tex/latex/refcount/refcount.sty
Package: refcount 2019/12/15 v3.6 Data extraction from label references (HO)
)
(a:/texlive/2023/texmf-dist/tex/generic/gettitlestring/gettitlestring.sty
Package: gettitlestring 2019/12/15 v1.6 Cleanup title references (HO)

(a:/texlive/2023/texmf-dist/tex/latex/kvoptions/kvoptions.sty
Package: kvoptions 2022-06-15 v3.15 Key value format for package options (HO)
))
\c@section@level=\count266
)
(a:/texlive/2023/texmf-dist/tex/latex/etoolbox/etoolbox.sty
Package: etoolbox 2020/10/05 v2.5k e-TeX tools for LaTeX (JAW)
\etb@tempcnta=\count267
)
\@linkdim=\dimen153
\Hy@linkcounter=\count268
\Hy@pagecounter=\count269

(a:/texlive/2023/texmf-dist/tex/latex/hyperref/pd1enc.def
File: pd1enc.def 2023-07-08 v7.01b Hyperref: PDFDocEncoding definition (HO)
Now handling font encoding PD1 ...
... no UTF-8 mapping file for font encoding PD1
)
(a:/texlive/2023/texmf-dist/tex/generic/intcalc/intcalc.sty
Package: intcalc 2019/12/15 v1.3 Expandable calculations with integers (HO)
)
\Hy@SavedSpaceFactor=\count270

(a:/texlive/2023/texmf-dist/tex/latex/hyperref/puenc.def
File: puenc.def 2023-07-08 v7.01b Hyperref: PDF Unicode definition (HO)
Now handling font encoding PU ...
... no UTF-8 mapping file for font encoding PU
)
Package hyperref Info: Option `colorlinks' set `true' on input line 4050.
Package hyperref Info: Hyper figures OFF on input line 4167.
Package hyperref Info: Link nesting OFF on input line 4172.
Package hyperref Info: Hyper index ON on input line 4175.
Package hyperref Info: Plain pages OFF on input line 4182.
Package hyperref Info: Backreferencing OFF on input line 4187.
Package hyperref Info: Implicit mode ON; LaTeX internals redefined.
Package hyperref Info: Bookmarks ON on input line 4434.
\c@Hy@tempcnt=\count271

(a:/texlive/2023/texmf-dist/tex/latex/url/url.sty
\Urlmuskip=\muskip16
Package: url 2013/09/16  ver 3.4  Verb mode for urls, etc.
)
LaTeX Info: Redefining \url on input line 4772.
\XeTeXLinkMargin=\dimen154

(a:/texlive/2023/texmf-dist/tex/generic/bitset/bitset.sty
Package: bitset 2019/12/09 v1.3 Handle bit-vector datatype (HO)

(a:/texlive/2023/texmf-dist/tex/generic/bigintcalc/bigintcalc.sty
Package: bigintcalc 2019/12/15 v1.5 Expandable calculations on big integers (HO
)
))
\Fld@menulength=\count272
\Field@Width=\dimen155
\Fld@charsize=\dimen156
Package hyperref Info: Hyper figures OFF on input line 6051.
Package hyperref Info: Link nesting OFF on input line 6056.
Package hyperref Info: Hyper index ON on input line 6059.
Package hyperref Info: backreferencing OFF on input line 6066.
Package hyperref Info: Link coloring ON on input line 6069.
Package hyperref Info: Link coloring with OCG OFF on input line 6076.
Package hyperref Info: PDF/A mode OFF on input line 6081.

(a:/texlive/2023/texmf-dist/tex/latex/base/atbegshi-ltx.sty
Package: atbegshi-ltx 2021/01/10 v1.0c Emulation of the original atbegshi
package with kernel methods
)
\Hy@abspage=\count273
\c@Item=\count274
\c@Hfootnote=\count275
)
Package hyperref Info: Driver (autodetected): hpdftex.

(a:/texlive/2023/texmf-dist/tex/latex/hyperref/hpdftex.def
File: hpdftex.def 2023-07-08 v7.01b Hyperref driver for pdfTeX

(a:/texlive/2023/texmf-dist/tex/latex/base/atveryend-ltx.sty
Package: atveryend-ltx 2020/08/19 v1.0a Emulation of the original atveryend pac
kage
with kernel methods
)
\Fld@listcount=\count276
\c@bookmark@seq@number=\count277

(a:/texlive/2023/texmf-dist/tex/latex/rerunfilecheck/rerunfilecheck.sty
Package: rerunfilecheck 2022-07-10 v1.10 Rerun checks for auxiliary files (HO)

(a:/texlive/2023/texmf-dist/tex/generic/uniquecounter/uniquecounter.sty
Package: uniquecounter 2019/12/15 v1.4 Provide unlimited unique counter (HO)
)
Package uniquecounter Info: New unique counter `rerunfilecheck' on input line 2
85.
)
\Hy@SectionHShift=\skip51
)
(a:/texlive/2023/texmf-dist/tex/latex/wrapfig/wrapfig.sty
\wrapoverhang=\dimen157
\WF@size=\dimen158
\c@WF@wrappedlines=\count278
\WF@box=\box52
\WF@everypar=\toks23
Package: wrapfig 2003/01/31  v 3.6
)
(a:/texlive/2023/texmf-dist/tex/latex/l3backend/l3backend-pdftex.def
File: l3backend-pdftex.def 2023-04-19 L3 backend support: PDF output (pdfTeX)
\l__color_backend_stack_int=\count279
\l__pdf_internal_box=\box53
)
(./The Free Christian.aux)
\openout1 = `"The Free Christian.aux"'.

LaTeX Font Info:    Checking defaults for OML/cmm/m/it on input line 62.
LaTeX Font Info:    ... okay on input line 62.
LaTeX Font Info:    Checking defaults for OMS/cmsy/m/n on input line 62.
LaTeX Font Info:    ... okay on input line 62.
LaTeX Font Info:    Checking defaults for OT1/cmr/m/n on input line 62.
LaTeX Font Info:    ... okay on input line 62.
LaTeX Font Info:    Checking defaults for T1/cmr/m/n on input line 62.
LaTeX Font Info:    ... okay on input line 62.
LaTeX Font Info:    Checking defaults for TS1/cmr/m/n on input line 62.
LaTeX Font Info:    ... okay on input line 62.
LaTeX Font Info:    Checking defaults for OMX/cmex/m/n on input line 62.
LaTeX Font Info:    ... okay on input line 62.
LaTeX Font Info:    Checking defaults for U/cmr/m/n on input line 62.
LaTeX Font Info:    ... okay on input line 62.
LaTeX Font Info:    Checking defaults for PD1/pdf/m/n on input line 62.
LaTeX Font Info:    ... okay on input line 62.
LaTeX Font Info:    Checking defaults for PU/pdf/m/n on input line 62.
LaTeX Font Info:    ... okay on input line 62.

*geometry* driver: auto-detecting
*geometry* detected driver: pdftex
*geometry* verbose mode - [ preamble ] result:
* driver: pdftex
* paper: a5paper
* layout: <same size as paper>
* layoutoffset:(h,v)=(0.0pt,0.0pt)
* modes: 
* h-part:(L,W,R)=(56.9055pt, 307.28978pt, 56.9055pt)
* v-part:(T,H,B)=(56.9055pt, 483.69687pt, 56.9055pt)
* \paperwidth=421.10078pt
* \paperheight=597.50787pt
* \textwidth=307.28978pt
* \textheight=483.69687pt
* \oddsidemargin=-15.36449pt
* \evensidemargin=-15.36449pt
* \topmargin=-52.36449pt
* \headheight=12.0pt
* \headsep=25.0pt
* \topskip=12.0pt
* \footskip=30.0pt
* \marginparwidth=4.0pt
* \marginparsep=10.0pt
* \columnsep=10.0pt
* \skip\footins=10.8pt plus 4.0pt minus 2.0pt
* \hoffset=0.0pt
* \voffset=0.0pt
* \mag=1000
* \@twocolumnfalse
* \@twosidefalse
* \@mparswitchfalse
* \@reversemarginfalse
* (1in=72.27pt=25.4mm, 1cm=28.453pt)

(a:/texlive/2023/texmf-dist/tex/context/base/mkii/supp-pdf.mkii
[Loading MPS to PDF converter (version 2006.09.02).]
\scratchcounter=\count280
\scratchdimen=\dimen159
\scratchbox=\box54
\nofMPsegments=\count281
\nofMParguments=\count282
\everyMPshowfont=\toks24
\MPscratchCnt=\count283
\MPscratchDim=\dimen160
\MPnumerator=\count284
\makeMPintoPDFobject=\count285
\everyMPtoPDFconversion=\toks25
) (a:/texlive/2023/texmf-dist/tex/latex/epstopdf-pkg/epstopdf-base.sty
Package: epstopdf-base 2020-01-24 v2.11 Base part for package epstopdf
Package epstopdf-base Info: Redefining graphics rule for `.eps' on input line 4
85.

(a:/texlive/2023/texmf-dist/tex/latex/latexconfig/epstopdf-sys.cfg
File: epstopdf-sys.cfg 2010/07/13 v1.3 Configuration of (r)epstopdf for TeX Liv
e
))
(a:/texlive/2023/texmf-dist/tex/latex/graphics/color.sty
Package: color 2022/01/06 v1.3d Standard LaTeX Color (DPC)

(a:/texlive/2023/texmf-dist/tex/latex/graphics-cfg/color.cfg
File: color.cfg 2016/01/02 v1.6 sample color configuration
)
Package color Info: Driver file: pdftex.def on input line 149.

(a:/texlive/2023/texmf-dist/tex/latex/graphics/mathcolor.ltx))
Package hyperref Info: Link coloring ON on input line 62.

(./The Free Christian.out) (./The Free Christian.out)
\@outlinefile=\write3
\openout3 = `"The Free Christian.out"'.

LaTeX Font Info:    External font `cmex10' loaded for size
(Font)              <14.4> on input line 65.
LaTeX Font Info:    External font `cmex10' loaded for size
(Font)              <7> on input line 65.
<FreeChristian.jpeg, id=454, 1606.0pt x 1065.9825pt>
File: FreeChristian.jpeg Graphic file (type jpg)
<use FreeChristian.jpeg>
Package pdftex.def Info: FreeChristian.jpeg  used on input line 67.
(pdftex.def)             Requested size: 307.28978pt x 203.95389pt.
 [1

{a:/texlive/2023/texmf-var/fonts/map/pdftex/updmap/pdftex.map}{a:/texlive/2023/
texmf-dist/fonts/enc/dvips/cm-super/cm-super-t1.enc} <./FreeChristian.jpeg>] (.
/The Free Christian.toc
LaTeX Font Info:    External font `cmex10' loaded for size
(Font)              <12> on input line 3.
LaTeX Font Info:    External font `cmex10' loaded for size
(Font)              <8> on input line 3.
LaTeX Font Info:    External font `cmex10' loaded for size
(Font)              <6> on input line 3.
[2] [3] [4])
\tf@toc=\write4
\openout4 = `"The Free Christian.toc"'.

 [5]
Underfull \hbox (badness 10000) in paragraph at lines 77--99

 []


Underfull \hbox (badness 10000) in paragraph at lines 77--99

 []


Underfull \hbox (badness 10000) in paragraph at lines 77--99

 []


Underfull \hbox (badness 10000) in paragraph at lines 77--99

 []


Overfull \hbox (0.82811pt too wide) in paragraph at lines 77--99
\T1/cmr/m/n/12 You can read more about me in chap-ter "[][]My life with \T1/cmr
/bx/n/12 GOD[][]\T1/cmr/m/n/12 ". 
 []

[6]
Underfull \hbox (badness 10000) in paragraph at lines 102--143

 []


Underfull \hbox (badness 10000) in paragraph at lines 102--143

 []


Underfull \hbox (badness 10000) in paragraph at lines 102--143

 []

[7]
Underfull \hbox (badness 10000) in paragraph at lines 146--180

 []


Underfull \hbox (badness 10000) in paragraph at lines 146--180

 []


Underfull \hbox (badness 10000) in paragraph at lines 146--180

 []


Underfull \hbox (badness 10000) in paragraph at lines 146--180

 []

[8]
Overfull \hbox (5.61131pt too wide) in paragraph at lines 184--184
[]\T1/cmr/bx/n/17.28 What makes up a "Free Chris-tian"? 
 []


Package hyperref Warning: Token not allowed in a PDF string (Unicode):
(hyperref)                removing `\char' on input line 184.


Package hyperref Warning: Token not allowed in a PDF string (Unicode):
(hyperref)                removing `\char' on input line 184.


Package hyperref Warning: Token not allowed in a PDF string (Unicode):
(hyperref)                removing `\char' on input line 213.


Package hyperref Warning: Token not allowed in a PDF string (Unicode):
(hyperref)                removing `\char' on input line 213.


Underfull \hbox (badness 10000) in paragraph at lines 228--247

 []


Underfull \hbox (badness 10000) in paragraph at lines 228--247

 []

[9]
Underfull \hbox (badness 10000) in paragraph at lines 249--265

 []


Underfull \hbox (badness 10000) in paragraph at lines 249--265

 []

[10]

Package hyperref Warning: Token not allowed in a PDF string (Unicode):
(hyperref)                removing `\char' on input line 277.


Package hyperref Warning: Token not allowed in a PDF string (Unicode):
(hyperref)                removing `\char' on input line 277.


Underfull \hbox (badness 10000) in paragraph at lines 278--306

 []


Underfull \hbox (badness 10000) in paragraph at lines 278--306

 []


Underfull \hbox (badness 10000) in paragraph at lines 278--306

 []


Package hyperref Warning: Token not allowed in a PDF string (Unicode):
(hyperref)                removing `\char' on input line 307.


Package hyperref Warning: Token not allowed in a PDF string (Unicode):
(hyperref)                removing `\char' on input line 307.


Underfull \hbox (badness 10000) in paragraph at lines 308--340

 []


Underfull \hbox (badness 10000) in paragraph at lines 308--340

 []


Underfull \hbox (badness 10000) in paragraph at lines 308--340

 []

[11]

Package hyperref Warning: Token not allowed in a PDF string (Unicode):
(hyperref)                removing `\char' on input line 341.


Package hyperref Warning: Token not allowed in a PDF string (Unicode):
(hyperref)                removing `\char' on input line 341.


Underfull \hbox (badness 10000) in paragraph at lines 342--376

 []


Underfull \hbox (badness 10000) in paragraph at lines 342--376

 []


Underfull \hbox (badness 10000) in paragraph at lines 342--376

 []

[12]

Package hyperref Warning: Token not allowed in a PDF string (Unicode):
(hyperref)                removing `\char' on input line 378.


Package hyperref Warning: Token not allowed in a PDF string (Unicode):
(hyperref)                removing `\char' on input line 378.


Underfull \hbox (badness 10000) in paragraph at lines 379--408

 []


Underfull \hbox (badness 10000) in paragraph at lines 379--408

 []

[13]

Package hyperref Warning: Token not allowed in a PDF string (Unicode):
(hyperref)                removing `\char' on input line 409.


Package hyperref Warning: Token not allowed in a PDF string (Unicode):
(hyperref)                removing `\char' on input line 409.


Underfull \hbox (badness 10000) in paragraph at lines 420--441

 []


Underfull \hbox (badness 10000) in paragraph at lines 420--441

 []


Underfull \hbox (badness 10000) in paragraph at lines 420--441

 []

[14]
Overfull \hbox (4.5126pt too wide) in paragraph at lines 444--475
\T1/cmr/m/n/12 and gen-eral des-ig-na-tions, and how \T1/cmr/bx/n/12 HE \T1/cmr
/m/n/12 man-i-fests \T1/cmr/bx/n/12 HIM-SELF\T1/cmr/m/n/12 .
 []


Overfull \hbox (8.44154pt too wide) in paragraph at lines 444--475
\T1/cmr/m/n/12 Of course, this also in-cludes \T1/cmr/bx/n/12 JE-SUS \T1/cmr/m/
n/12 and the \T1/cmr/bx/n/12 HOLY SPIRIT\T1/cmr/m/n/12 . 
 []


Underfull \hbox (badness 10000) in paragraph at lines 444--475

 []


Underfull \hbox (badness 10000) in paragraph at lines 444--475

 []


Underfull \hbox (badness 10000) in paragraph at lines 444--475

 []


Underfull \hbox (badness 10000) in paragraph at lines 444--475

 []

[15] [16{a:/texlive/2023/texmf-dist/fonts/enc/dvips/cm-super/cm-super-ts1.enc}]
[17]
Underfull \hbox (badness 10000) in paragraph at lines 522--543

 []


Underfull \hbox (badness 10000) in paragraph at lines 522--543

 []


Overfull \hbox (3.45937pt too wide) in paragraph at lines 545--551
\T1/cmr/m/n/12 The High-est Of-fer is: I will love and praise \T1/cmr/bx/n/12 G
OD\T1/cmr/m/n/12 , the \T1/cmr/bx/n/12 LORD\T1/cmr/m/n/12 ,
 []


Underfull \hbox (badness 10000) in paragraph at lines 562--577

 []

[18]
Underfull \hbox (badness 10000) in paragraph at lines 579--591

 []


Underfull \hbox (badness 10000) in paragraph at lines 606--621

 []

[19]
Underfull \hbox (badness 10000) in paragraph at lines 635--647

 []

[20] [21]
Underfull \hbox (badness 10000) in paragraph at lines 655--687

 []


Underfull \hbox (badness 10000) in paragraph at lines 655--687

 []


Underfull \hbox (badness 10000) in paragraph at lines 655--687

 []


Underfull \hbox (badness 10000) in paragraph at lines 655--687

 []

[22] [23]
Overfull \hbox (1.41895pt too wide) in paragraph at lines 784--822
\T1/cmr/m/n/12 More im-por-tant is the qual-ity of your life-time. It should
 []

[24] [25]
Underfull \hbox (badness 10000) in paragraph at lines 826--828

 []

[26] [27] [28] [29] [30] [31] [32]
Underfull \hbox (badness 10000) in paragraph at lines 1061--1079

 []


Underfull \hbox (badness 10000) in paragraph at lines 1061--1079

 []


Underfull \hbox (badness 10000) in paragraph at lines 1081--1085

 []


Underfull \hbox (badness 10000) in paragraph at lines 1086--1092

 []


Underfull \hbox (badness 10000) in paragraph at lines 1092--1095

 []


Underfull \hbox (badness 10000) in paragraph at lines 1095--1104

 []

[33]
Overfull \hbox (1.46678pt too wide) in paragraph at lines 1104--1109
[]\T1/cmr/m/n/12 Have you never, out of de-spair or other rea-sons, thought
 []


Underfull \hbox (badness 10000) in paragraph at lines 1104--1109

 []


Underfull \hbox (badness 10000) in paragraph at lines 1109--1114

 []


Underfull \hbox (badness 10000) in paragraph at lines 1114--1122

 []


Underfull \hbox (badness 10000) in paragraph at lines 1122--1132

 []


Underfull \hbox (badness 10000) in paragraph at lines 1132--1138

 []


Underfull \hbox (badness 10000) in paragraph at lines 1138--1143

 []


Underfull \hbox (badness 10000) in paragraph at lines 1143--1148

 []

[34]
Underfull \hbox (badness 10000) in paragraph at lines 1148--1153

 []


Underfull \hbox (badness 10000) in paragraph at lines 1153--1160

 []


Overfull \hbox (28.35881pt too wide) in paragraph at lines 1160--1172
\T1/cmr/m/n/12 son, daugh-ter or stu-dent, be-cause he (or she) was "naughty"?
 []


Underfull \hbox (badness 10000) in paragraph at lines 1160--1172

 []


Overfull \hbox (0.9447pt too wide) in paragraph at lines 1172--1176
[]\T1/cmr/m/n/12 Have you ever been jeal-ous, be-cause some-one had some-
 []


Underfull \hbox (badness 10000) in paragraph at lines 1172--1176

 []


Underfull \hbox (badness 10000) in paragraph at lines 1176--1185

 []


Underfull \hbox (badness 10000) in paragraph at lines 1185--1189

 []


Underfull \hbox (badness 10000) in paragraph at lines 1189--1196

 []

[35]
Underfull \hbox (badness 10000) in paragraph at lines 1196--1200

 []


Underfull \hbox (badness 10000) in paragraph at lines 1200--1207

 []


Underfull \hbox (badness 10000) in paragraph at lines 1207--1213

 []


Underfull \hbox (badness 10000) in paragraph at lines 1213--1215

 []


Underfull \hbox (badness 10000) in paragraph at lines 1215--1218

 []


Underfull \hbox (badness 10000) in paragraph at lines 1218--1225

 []


Underfull \hbox (badness 10000) in paragraph at lines 1225--1231

 []


Underfull \hbox (badness 10000) in paragraph at lines 1231--1235

 []

[36]
Underfull \hbox (badness 10000) in paragraph at lines 1235--1239

 []


Underfull \hbox (badness 10000) in paragraph at lines 1239--1249

 []


Underfull \hbox (badness 10000) in paragraph at lines 1249--1255

 []


Underfull \hbox (badness 10000) in paragraph at lines 1255--1260

 []


Underfull \hbox (badness 10000) in paragraph at lines 1267--1375

 []


Underfull \hbox (badness 10000) in paragraph at lines 1267--1375

 []


Underfull \hbox (badness 10000) in paragraph at lines 1267--1375

 []


Underfull \hbox (badness 10000) in paragraph at lines 1267--1375

 []


Underfull \hbox (badness 10000) in paragraph at lines 1267--1375

 []


Underfull \hbox (badness 10000) in paragraph at lines 1267--1375

 []


Underfull \hbox (badness 10000) in paragraph at lines 1267--1375

 []


Underfull \hbox (badness 10000) in paragraph at lines 1267--1375

 []


Underfull \hbox (badness 10000) in paragraph at lines 1267--1375

 []


Underfull \hbox (badness 10000) in paragraph at lines 1267--1375

 []

[37] [38] [39]
Underfull \hbox (badness 10000) in paragraph at lines 1378--1398

 []


Underfull \hbox (badness 10000) in paragraph at lines 1378--1398

 []

[40]
Underfull \hbox (badness 10000) in paragraph at lines 1401--1426

 []


Underfull \hbox (badness 10000) in paragraph at lines 1401--1426

 []


Underfull \hbox (badness 10000) in paragraph at lines 1401--1426

 []

[41]
Underfull \hbox (badness 10000) in paragraph at lines 1429--1446

 []


Underfull \hbox (badness 10000) in paragraph at lines 1429--1446

 []


Underfull \hbox (badness 10000) in paragraph at lines 1448--1464

 []


Underfull \hbox (badness 10000) in paragraph at lines 1471--1483

 []

[42]

Package hyperref Warning: Token not allowed in a PDF string (Unicode):
(hyperref)                removing `\char' on input line 1484.


Package hyperref Warning: Token not allowed in a PDF string (Unicode):
(hyperref)                removing `\char' on input line 1484.


Underfull \hbox (badness 10000) in paragraph at lines 1485--1532

 []


Underfull \hbox (badness 10000) in paragraph at lines 1485--1532

 []


Underfull \hbox (badness 10000) in paragraph at lines 1485--1532

 []


Underfull \hbox (badness 10000) in paragraph at lines 1485--1532

 []

[43]
Underfull \hbox (badness 10000) in paragraph at lines 1534--1546

 []


Underfull \hbox (badness 10000) in paragraph at lines 1548--1560

 []

[44]
Underfull \hbox (badness 10000) in paragraph at lines 1576--1655

 []


Underfull \hbox (badness 10000) in paragraph at lines 1576--1655

 []


Underfull \hbox (badness 10000) in paragraph at lines 1576--1655

 []


Underfull \hbox (badness 10000) in paragraph at lines 1576--1655

 []


Underfull \hbox (badness 10000) in paragraph at lines 1576--1655

 []


Underfull \hbox (badness 10000) in paragraph at lines 1576--1655

 []


Underfull \hbox (badness 10000) in paragraph at lines 1576--1655

 []


Underfull \hbox (badness 10000) in paragraph at lines 1576--1655

 []


Underfull \hbox (badness 10000) in paragraph at lines 1576--1655

 []


Underfull \hbox (badness 10000) in paragraph at lines 1576--1655

 []

[45]
Underfull \hbox (badness 10000) in paragraph at lines 1657--1710

 []


Underfull \hbox (badness 10000) in paragraph at lines 1657--1710

 []


Underfull \hbox (badness 10000) in paragraph at lines 1657--1710

 []


Underfull \hbox (badness 10000) in paragraph at lines 1657--1710

 []


Underfull \hbox (badness 10000) in paragraph at lines 1657--1710

 []

[46]
Overfull \hbox (3.80925pt too wide) in paragraph at lines 1712--1734
\T1/cmr/m/n/12 Another sce-nario is the so-called "[][]Trol-ley prob-lem[][]", 
a thought
 []


Underfull \hbox (badness 10000) in paragraph at lines 1712--1734

 []


Underfull \hbox (badness 10000) in paragraph at lines 1712--1734

 []

[47]
Underfull \hbox (badness 10000) in paragraph at lines 1736--1808

 []


Underfull \hbox (badness 10000) in paragraph at lines 1736--1808

 []


Underfull \hbox (badness 10000) in paragraph at lines 1736--1808

 []


Underfull \hbox (badness 10000) in paragraph at lines 1736--1808

 []


Underfull \hbox (badness 10000) in paragraph at lines 1736--1808

 []


Underfull \hbox (badness 10000) in paragraph at lines 1736--1808

 []

[48] [49] [50] [51] [52] [53]
Overfull \hbox (8.25809pt too wide) in paragraph at lines 2032--2037
\T1/cmr/m/n/12 com-mit adul-tery, and who-ever mar-ries a di-vorced woman
 []

[54] [55] [56] [57] [58]
Overfull \hbox (4.19536pt too wide) in paragraph at lines 2259--2262
\T1/cmr/m/n/12 In this chap-ter I would like to of-fer you some beau-ti-ful pra
yers,
 []

[59] [60] [61] [62]
Overfull \hbox (9.29063pt too wide) in paragraph at lines 2438--2442
[]\T1/cmr/m/n/12 Come into my life and give my \T1/cmr/bx/n/12 YOUR HOLY SPIRIT
\T1/cmr/m/n/12 . 
 []


Underfull \hbox (badness 10000) in paragraph at lines 2465--2469

 []

[63]
Underfull \hbox (badness 10000) in paragraph at lines 2496--2544

 []


Underfull \hbox (badness 10000) in paragraph at lines 2496--2544

 []


Underfull \hbox (badness 10000) in paragraph at lines 2496--2544

 []


Underfull \hbox (badness 10000) in paragraph at lines 2496--2544

 []


Underfull \hbox (badness 10000) in paragraph at lines 2496--2544

 []


Overfull \hbox (12.50247pt too wide) in paragraph at lines 2496--2544
\T1/cmr/m/n/12 and you eat the piece of bread in mem-ory of \T1/cmr/bx/n/12 JE-
SUS CHRIST\T1/cmr/m/n/12 .
 []


Underfull \hbox (badness 10000) in paragraph at lines 2496--2544

 []


Underfull \hbox (badness 10000) in paragraph at lines 2496--2544

 []

[64] [65] [66] [67] [68] [69]
LaTeX Font Info:    Trying to load font information for T1+cmtt on input line 2
789.

(a:/texlive/2023/texmf-dist/tex/latex/base/t1cmtt.fd
File: t1cmtt.fd 2023/04/13 v2.5m Standard LaTeX font definitions
) [70]
Overfull \hbox (18.69316pt too wide) in paragraph at lines 2792--2825
\T1/cmr/m/n/12 was, among other things, over-tired, and tor-mented by headaches
.
 []

[71] [72] [73] [74] [75] [76]
Underfull \hbox (badness 10000) in paragraph at lines 3006--3010

 []


Underfull \hbox (badness 10000) in paragraph at lines 3017--3019

 []

File: FreeChristian.jpeg Graphic file (type jpg)
<use FreeChristian.jpeg>
Package pdftex.def Info: FreeChristian.jpeg  used on input line 3023.
(pdftex.def)             Requested size: 307.28978pt x 203.95389pt.

Underfull \hbox (badness 10000) in paragraph at lines 3026--3034

 []

[77] (./The Free Christian.aux)
 ***********
LaTeX2e <2023-06-01> patch level 1
L3 programming layer <2023-08-29>
 ***********
Package rerunfilecheck Info: File `"The Free Christian".out' has not changed.
(rerunfilecheck)             Checksum: 53D962BC35761EE9D3EFA47BD9B93E2B;19610.
 ) 
Here is how much of TeX's memory you used:
 11008 strings out of 474927
 172401 string characters out of 5763541
 1931785 words of memory out of 5000000
 32200 multiletter control sequences out of 15000+600000
 570616 words of font info for 61 fonts, out of 8000000 for 9000
 1141 hyphenation exceptions out of 8191
 75i,6n,79p,439b,579s stack positions out of 10000i,1000n,20000p,200000b,200000s
<a:/texlive/2023/texmf-dist/fonts/type1/public/amsfonts/cm/cmsy10.pfb><a:/tex
live/2023/texmf-dist/fonts/type1/public/cm-super/sfbi1200.pfb><a:/texlive/2023/
texmf-dist/fonts/type1/public/cm-super/sfbx1200.pfb><a:/texlive/2023/texmf-dist
/fonts/type1/public/cm-super/sfbx1440.pfb><a:/texlive/2023/texmf-dist/fonts/typ
e1/public/cm-super/sfbx1728.pfb><a:/texlive/2023/texmf-dist/fonts/type1/public/
cm-super/sfbx2074.pfb><a:/texlive/2023/texmf-dist/fonts/type1/public/cm-super/s
frm1200.pfb><a:/texlive/2023/texmf-dist/fonts/type1/public/cm-super/sfrm1440.pf
b><a:/texlive/2023/texmf-dist/fonts/type1/public/cm-super/sfti1200.pfb><a:/texl
ive/2023/texmf-dist/fonts/type1/public/cm-super/sfti1440.pfb><a:/texlive/2023/t
exmf-dist/fonts/type1/public/cm-super/sftt1200.pfb>
Output written on "The Free Christian.pdf" (77 pages, 510380 bytes).
PDF statistics:
 1080 PDF objects out of 1200 (max. 8388607)
 967 compressed objects within 10 object streams
 226 named destinations out of 1000 (max. 500000)
 902 words of extra memory for PDF output out of 10000 (max. 10000000)

