\BOOKMARK [1][-]{section.1}{\376\377\000P\000r\000e\000f\000a\000c\000e}{}% 1
\BOOKMARK [2][-]{subsection.1.1}{\376\377\000U\000s\000i\000n\000g\000\040\000h\000i\000n\000t\000s}{section.1}% 2
\BOOKMARK [2][-]{subsection.1.2}{\376\377\000T\000h\000a\000n\000k\000\040\000y\000o\000u\000!}{section.1}% 3
\BOOKMARK [2][-]{subsection.1.3}{\376\377\000S\000o\000m\000e\000\040\000w\000o\000r\000d\000s\000\040\000a\000b\000o\000u\000t\000\040\000m\000y\000s\000e\000l\000f}{section.1}% 4
\BOOKMARK [1][-]{section.2}{\376\377\000W\000h\000a\000t\000\040\000m\000a\000k\000e\000s\000\040\000u\000p\000\040\000a\000\040\000"\0002\0002\000F\000r\000e\000e\000\040\000C\000h\000r\000i\000s\000t\000i\000a\000n\000"\0002\0002\000\040\000?}{}% 5
\BOOKMARK [2][-]{subsection.2.1}{\376\377\000N\000o\000\040\000c\000h\000u\000r\000c\000h\000\040\000c\000o\000m\000m\000u\000n\000i\000t\000y}{section.2}% 6
\BOOKMARK [2][-]{subsection.2.2}{\376\377\000T\000h\000e\000\040\000t\000r\000u\000e\000\040\000b\000o\000n\000d}{section.2}% 7
\BOOKMARK [2][-]{subsection.2.3}{\376\377\000T\000h\000e\000\040\000B\000i\000b\000l\000e\000\040\000a\000s\000\040\000a\000\040\000"\0002\0002\000t\000o\000o\000l\000"\0002\0002\000\040}{section.2}% 8
\BOOKMARK [2][-]{subsection.2.4}{\376\377\000B\000e\000l\000i\000e\000f\000\040\000a\000n\000d\000\040\000s\000c\000i\000e\000n\000c\000e}{section.2}% 9
\BOOKMARK [2][-]{subsection.2.5}{\376\377\000W\000h\000a\000t\000\040\000d\000o\000\040\000I\000\040\000k\000n\000o\000w\000\040\000a\000b\000o\000u\000t\000\040\000G\000O\000D\000?}{section.2}% 10
\BOOKMARK [1][-]{section.3}{\376\377\000D\000o\000\040\000y\000o\000u\000\040\000\050\000n\000o\000t\000\051\000\040\000b\000e\000l\000i\000e\000v\000e\000\040\000i\000n\000\040\000G\000O\000D\000?}{}% 11
\BOOKMARK [2][-]{subsection.3.1}{\376\377\000I\000\040\000a\000m\000\040\000a\000\040\000J\000e\000w\000\040\000a\000n\000d\000\040\000d\000o\000\040\000n\000o\000t\000\040\000b\000e\000l\000i\000e\000v\000e\000\040\000i\000n\000\040\000J\000E\000S\000U\000S\000\040\000a\000s\000\040\000M\000E\000S\000S\000I\000A\000H\000.}{section.3}% 12
\BOOKMARK [2][-]{subsection.3.2}{\376\377\000I\000\040\000a\000m\000\040\000a\000\040\000M\000u\000s\000l\000i\000m\000\040\000a\000n\000d\000\040\000b\000e\000l\000i\000e\000v\000e\000\040\000i\000n\000\040\000A\000l\000l\000a\000h\000.}{section.3}% 13
\BOOKMARK [2][-]{subsection.3.3}{\376\377\000I\000\040\000b\000e\000l\000o\000n\000g\000\040\000t\000o\000\040\000a\000\040\000d\000i\000f\000f\000e\000r\000e\000n\000t\000\040\000r\000e\000l\000i\000g\000i\000o\000n\000.}{section.3}% 14
\BOOKMARK [2][-]{subsection.3.4}{\376\377\000I\000\040\000d\000o\000\040\000n\000o\000t\000\040\000b\000e\000l\000i\000e\000v\000e\000\040\000i\000n\000\040\000a\000\040\000g\000o\000d\000,\000\040\000o\000r\000\040\000I\000\040\000a\000m\000\040\000a\000g\000n\000o\000s\000t\000i\000c\000.}{section.3}% 15
\BOOKMARK [1][-]{section.4}{\376\377\000T\000h\000e\000\040\000T\000e\000n\000\040\000C\000o\000m\000m\000a\000n\000d\000m\000e\000n\000t\000s}{}% 16
\BOOKMARK [2][-]{subsection.4.1}{\376\377\000T\000h\000e\000\040\000H\000i\000g\000h\000e\000s\000t\000\040\000O\000f\000f\000e\000r}{section.4}% 17
\BOOKMARK [3][-]{subsubsection.4.1.1}{\376\377\000T\000h\000e\000\040\000F\000i\000r\000s\000t\000\040\000O\000f\000f\000e\000r}{subsection.4.1}% 18
\BOOKMARK [3][-]{subsubsection.4.1.2}{\376\377\000T\000h\000e\000\040\000S\000e\000c\000o\000n\000d\000\040\000O\000f\000f\000e\000r}{subsection.4.1}% 19
\BOOKMARK [3][-]{subsubsection.4.1.3}{\376\377\000T\000h\000e\000\040\000T\000h\000i\000r\000d\000\040\000O\000f\000f\000e\000r}{subsection.4.1}% 20
\BOOKMARK [3][-]{subsubsection.4.1.4}{\376\377\000T\000h\000e\000\040\000F\000o\000u\000r\000t\000h\000\040\000O\000f\000f\000e\000r}{subsection.4.1}% 21
\BOOKMARK [3][-]{subsubsection.4.1.5}{\376\377\000T\000h\000e\000\040\000F\000i\000f\000t\000h\000\040\000O\000f\000f\000e\000r}{subsection.4.1}% 22
\BOOKMARK [3][-]{subsubsection.4.1.6}{\376\377\000T\000h\000e\000\040\000S\000i\000x\000t\000h\000\040\000O\000f\000f\000e\000r}{subsection.4.1}% 23
\BOOKMARK [3][-]{subsubsection.4.1.7}{\376\377\000T\000h\000e\000\040\000S\000e\000v\000e\000n\000t\000h\000\040\000O\000f\000f\000e\000r}{subsection.4.1}% 24
\BOOKMARK [3][-]{subsubsection.4.1.8}{\376\377\000T\000h\000e\000\040\000E\000i\000g\000h\000t\000h\000\040\000O\000f\000f\000e\000r}{subsection.4.1}% 25
\BOOKMARK [3][-]{subsubsection.4.1.9}{\376\377\000T\000h\000e\000\040\000N\000i\000n\000t\000h\000\040\000O\000f\000f\000e\000r}{subsection.4.1}% 26
\BOOKMARK [3][-]{subsubsection.4.1.10}{\376\377\000T\000h\000e\000\040\000T\000e\000n\000t\000h\000\040\000O\000f\000f\000e\000r}{subsection.4.1}% 27
\BOOKMARK [2][-]{subsection.4.2}{\376\377\000S\000u\000m\000m\000a\000r\000y}{section.4}% 28
\BOOKMARK [2][-]{subsection.4.3}{\376\377\000C\000o\000m\000p\000a\000r\000i\000s\000o\000n}{section.4}% 29
\BOOKMARK [1][-]{section.5}{\376\377\000P\000r\000a\000y\000e\000r\000s\000,\000\040\000H\000y\000m\000n\000s\000\040\000a\000n\000d\000\040\000A\000l\000l\000e\000l\000u\000i\000a\000h\000s}{}% 30
\BOOKMARK [2][-]{subsection.5.1}{\376\377\000T\000h\000e\000\040\000L\000O\000R\000D\000'\000s\000\040\000P\000r\000a\000y\000e\000r}{section.5}% 31
\BOOKMARK [3][-]{subsubsection.5.1.1}{\376\377\000I\000f\000\040\000y\000o\000u\000\040\000a\000r\000e\000\040\000p\000r\000a\000y\000i\000n\000g\000\040\000a\000l\000o\000n\000e}{subsection.5.1}% 32
\BOOKMARK [3][-]{subsubsection.5.1.2}{\376\377\000I\000f\000\040\000y\000o\000u\000\040\000a\000r\000e\000\040\000p\000r\000a\000y\000i\000n\000g\000\040\000i\000n\000\040\000a\000\040\000g\000r\000o\000u\000p}{subsection.5.1}% 33
\BOOKMARK [3][-]{subsubsection.5.1.3}{\376\377\000I\000f\000\040\000y\000o\000u\000\040\000w\000a\000n\000t\000\040\000t\000o\000\040\000u\000s\000e\000\040\000m\000o\000d\000e\000r\000n\000\040\000E\000n\000g\000l\000i\000s\000h}{subsection.5.1}% 34
\BOOKMARK [2][-]{subsection.5.2}{\376\377\000T\000h\000e\000\040\000C\000r\000e\000e\000d\000\040\000o\000f\000\040\000B\000e\000l\000i\000e\000f}{section.5}% 35
\BOOKMARK [2][-]{subsection.5.3}{\376\377\000J\000E\000S\000U\000S\000,\000\040\000c\000o\000m\000e\000\040\000i\000n\000t\000o\000\040\000m\000y\000\040\000l\000i\000f\000e}{section.5}% 36
\BOOKMARK [1][-]{section.6}{\376\377\000M\000y\000\040\000l\000i\000f\000e\000\040\000w\000i\000t\000h\000\040\000G\000O\000D}{}% 37
\BOOKMARK [2][-]{subsection.6.1}{\376\377\000W\000e\000d\000n\000e\000s\000d\000a\000y\000,\000\040\000S\000e\000p\000t\000e\000m\000b\000e\000r\000\040\0002\0007\000t\000h\000,\000\040\0002\0000\0002\0003}{section.6}% 38
\BOOKMARK [2][-]{subsection.6.2}{\376\377\000F\000r\000i\000d\000a\000y\000,\000\040\000S\000e\000p\000t\000e\000m\000b\000e\000r\000\040\0002\0009\000t\000h\000,\000\040\0002\0000\0002\0003}{section.6}% 39
\BOOKMARK [2][-]{subsection.6.3}{\376\377\000T\000u\000e\000s\000d\000a\000y\000,\000\040\000O\000c\000t\000o\000b\000e\000r\000\040\0003\000r\000d\000,\000\040\0002\0000\0002\0003}{section.6}% 40
\BOOKMARK [1][-]{section.7}{\376\377\000P\000e\000a\000c\000e\000\040\000b\000e\000\040\000w\000i\000t\000h\000\040\000y\000o\000u\000!}{}% 41
